#
# A fatal error has been detected by the Java Runtime Environment:
#
#  SIGSEGV (0xb) at pc=0x0000000105565c28, pid=3711, tid=0x0000000000006803
#
# JRE version: OpenJDK Runtime Environment (8.0_275) (build 1.8.0_275-bre_2020_11_16_15_09-b00)
# Java VM: OpenJDK 64-Bit Server VM (25.275-b00 mixed mode bsd-amd64 compressed oops)
# Problematic frame:
# V  [libjvm.dylib+0x565c28]
#
# Failed to write core dump. Core dumps have been disabled. To enable core dumping, try "ulimit -c unlimited" before starting Java again
#
# If you would like to submit a bug report, please visit:
#   http://bugreport.java.com/bugreport/crash.jsp
#

---------------  T H R E A D  ---------------

Current thread (0x00007fe07095ca00):  JavaThread "CompactionExecutor:2" daemon [_thread_in_vm, id=26627, stack(0x0000700002117000,0x0000700002157000)]

siginfo: si_signo: 11 (SIGSEGV), si_code: 1 (SEGV_MAPERR), si_addr: 0x0000000000000000

Registers:
RAX=0x0000000105700140, RBX=0x00007fe07095ca00, RCX=0x00007fe06ffa3400, RDX=0x0000000000000000
RSP=0x0000700002155a70, RBP=0x0000700002155aa0, RSI=0x0000700002155ab0, RDI=0x00007fe07095cc50
R8 =0x0000000000000000, R9 =0x0000000000000000, R10=0x000000010870ab8c, R11=0x000000010870ab58
R12=0x0000000000000000, R13=0x0000700002155b10, R14=0x00007fe06ffa3400, R15=0x0000000000000000
RIP=0x0000000105565c28, EFLAGS=0x0000000000010246, ERR=0x0000000000000004
  TRAPNO=0x000000000000000e

Top of Stack: (sp=0x0000700002155a70)
0x0000700002155a70:   00007fe06c4ab710 00007fe07095ca00
0x0000700002155a80:   00007fe07095ca00 0000000106517dd0
0x0000700002155a90:   0000700002155bf0 00007fe07095ca00
0x0000700002155aa0:   0000700002155af0 000000010870abfe
0x0000700002155ab0:   0000000756802178 0000000000000000
0x0000700002155ac0:   00007fe06ffa5638 000000000000006c
0x0000700002155ad0:   0000700002155b10 0000000105569122
0x0000700002155ae0:   00007fe06c506c30 00007fe07095ca00
0x0000700002155af0:   0000700002155b70 0000000107e64700
0x0000700002155b00:   0000700002155b70 0000000107e64700
0x0000700002155b10:   00007fe06ffa3400 0000000107e64a40
0x0000700002155b20:   0000000000000000 0000000756802178
0x0000700002155b30:   0000700002155b30 0000000107bc81c5
0x0000700002155b40:   0000700002155bf0 0000000107bc84b0
0x0000700002155b50:   000000011c555228 0000000107bc82c8
0x0000700002155b60:   0000700002155b10 0000700002155bb8
0x0000700002155b70:   0000700002155c38 0000000107e64a40
0x0000700002155b80:   0000000000000000 0000000000000000
0x0000700002155b90:   0000000000000000 0000000000000000
0x0000700002155ba0:   0000000000000000 0000000000000000
0x0000700002155bb0:   0000000000000005 0000000000000005
0x0000700002155bc0:   0000000000000010 0000000107e64a40
0x0000700002155bd0:   000000074c9b1540 0000000000000005
0x0000700002155be0:   00007fe06ffa3400 0000000000000010
0x0000700002155bf0:   0000000000000000 0000700002155bf8
0x0000700002155c00:   0000000107bc7ff4 0000700002155c98
0x0000700002155c10:   0000000107bc84b0 000000011c554f48
0x0000700002155c20:   0000000107bc8090 0000700002155bb8
0x0000700002155c30:   0000700002155c78 0000700002155ce0
0x0000700002155c40:   0000000107e64a40 0000000000000005
0x0000700002155c50:   0000000000000005 0000000000000000
0x0000700002155c60:   0000000000000010 0000000000000000 

Instructions: (pc=0x0000000105565c28)
0x0000000105565c08:   00 30 74 08 48 89 df e8 50 97 fe ff c7 83 c8 02
0x0000000105565c18:   00 00 06 00 00 00 48 89 5d e0 41 f6 c7 01 75 05
0x0000000105565c28:   49 8b 07 eb 08 4c 89 ff e8 55 2e dd ff 42 0f be
0x0000000105565c38:   1c 30 48 8d 7d e0 e8 91 b9 d9 ff 48 8d 7d d8 e8 

Register to memory mapping:

RAX=0x0000000105700140: _ZN20SafepointSynchronize6_stateE+0 in /usr/local/Cellar/openjdk@8/1.8.0+275/libexec/openjdk.jdk/Contents/Home/jre/lib/server/libjvm.dylib at 0x0000000105000000
RBX=0x00007fe07095ca00 is a thread
RCX=0x00007fe06ffa3400 is an unknown value
RDX=0x0000000000000000 is an unknown value
RSP=0x0000700002155a70 is pointing into the stack for thread: 0x00007fe07095ca00
RBP=0x0000700002155aa0 is pointing into the stack for thread: 0x00007fe07095ca00
RSI=0x0000700002155ab0 is pointing into the stack for thread: 0x00007fe07095ca00
RDI=0x00007fe07095cc50 is an unknown value
R8 =0x0000000000000000 is an unknown value
R9 =0x0000000000000000 is an unknown value
R10=0x000000010870ab8c is at entry_point+76 in (nmethod*)0x000000010870a9d0
R11=0x000000010870ab58 is at entry_point+24 in (nmethod*)0x000000010870a9d0
R12=0x0000000000000000 is an unknown value
R13=0x0000700002155b10 is pointing into the stack for thread: 0x00007fe07095ca00
R14=0x00007fe06ffa3400 is an unknown value
R15=0x0000000000000000 is an unknown value


Stack: [0x0000700002117000,0x0000700002157000],  sp=0x0000700002155a70,  free space=250k
Native frames: (J=compiled Java code, j=interpreted, Vv=VM code, C=native code)
V  [libjvm.dylib+0x565c28]
J 2751  sun.misc.Unsafe.getByte(Ljava/lang/Object;J)B (0 bytes) @ 0x000000010870abfe [0x000000010870ab40+0xbe]
j  org.apache.cassandra.utils.FastByteOperations$UnsafeOperations.compareTo(Ljava/lang/Object;JILjava/lang/Object;JI)I+117
j  org.apache.cassandra.utils.FastByteOperations$UnsafeOperations.compareTo(Ljava/lang/Object;JILjava/nio/ByteBuffer;)I+84
j  org.apache.cassandra.utils.FastByteOperations$UnsafeOperations.compareTo(Ljava/nio/ByteBuffer;Ljava/nio/ByteBuffer;)I+57
j  org.apache.cassandra.utils.FastByteOperations$UnsafeOperations.compare(Ljava/nio/ByteBuffer;Ljava/nio/ByteBuffer;)I+2
j  org.apache.cassandra.utils.FastByteOperations.compareUnsigned(Ljava/nio/ByteBuffer;Ljava/nio/ByteBuffer;)I+5
j  org.apache.cassandra.utils.ByteBufferUtil.compareUnsigned(Ljava/nio/ByteBuffer;Ljava/nio/ByteBuffer;)I+2
j  org.apache.cassandra.db.DecoratedKey.compareTo(Lorg/apache/cassandra/dht/IPartitioner;Ljava/nio/ByteBuffer;Lorg/apache/cassandra/db/PartitionPosition;)I+53
j  org.apache.cassandra.io.sstable.IndexSummary.binarySearch(Lorg/apache/cassandra/db/PartitionPosition;)I+54
j  org.apache.cassandra.io.sstable.format.SSTableReader.getIndexScanPosition(Lorg/apache/cassandra/db/PartitionPosition;)J+33
j  org.apache.cassandra.io.sstable.format.big.BigTableScanner.seekToCurrentRangeStart()V+14
j  org.apache.cassandra.io.sstable.format.big.BigTableScanner.access$400(Lorg/apache/cassandra/io/sstable/format/big/BigTableScanner;)V+1
j  org.apache.cassandra.io.sstable.format.big.BigTableScanner$KeyScanningIterator.computeNext()Lorg/apache/cassandra/db/rows/UnfilteredRowIterator;+105
j  org.apache.cassandra.io.sstable.format.big.BigTableScanner$KeyScanningIterator.computeNext()Ljava/lang/Object;+1
j  org.apache.cassandra.utils.AbstractIterator.hasNext()Z+45
j  org.apache.cassandra.io.sstable.format.big.BigTableScanner.hasNext()Z+19
j  org.apache.cassandra.utils.MergeIterator$Candidate.advance()Lorg/apache/cassandra/utils/MergeIterator$Candidate;+21
j  org.apache.cassandra.utils.MergeIterator$ManyToOne.advance()V+27
j  org.apache.cassandra.utils.MergeIterator$ManyToOne.computeNext()Ljava/lang/Object;+1
j  org.apache.cassandra.utils.AbstractIterator.hasNext()Z+45
j  org.apache.cassandra.db.partitions.UnfilteredPartitionIterators$2.hasNext()Z+4
j  org.apache.cassandra.db.transform.BasePartitions.hasNext()Z+49
j  org.apache.cassandra.db.compaction.CompactionIterator.hasNext()Z+4
j  org.apache.cassandra.db.compaction.CompactionTask.runMayThrow()V+456
j  org.apache.cassandra.utils.WrappedRunnable.run()V+1
j  org.apache.cassandra.db.compaction.CompactionTask.executeInternal(Lorg/apache/cassandra/db/compaction/CompactionManager$CompactionExecutorStatsCollector;)I+6
j  org.apache.cassandra.db.compaction.AbstractCompactionTask.execute(Lorg/apache/cassandra/db/compaction/CompactionManager$CompactionExecutorStatsCollector;)I+2
j  org.apache.cassandra.db.compaction.CompactionManager$BackgroundCompactionCandidate.run()V+128
j  java.util.concurrent.Executors$RunnableAdapter.call()Ljava/lang/Object;+4
j  java.util.concurrent.FutureTask.run()V+42
j  java.util.concurrent.ThreadPoolExecutor.runWorker(Ljava/util/concurrent/ThreadPoolExecutor$Worker;)V+95
j  java.util.concurrent.ThreadPoolExecutor$Worker.run()V+5
j  org.apache.cassandra.concurrent.NamedThreadFactory.lambda$threadLocalDeallocator$0(Ljava/lang/Runnable;)V+1
j  org.apache.cassandra.concurrent.NamedThreadFactory$$Lambda$5.run()V+4
j  java.lang.Thread.run()V+11
v  ~StubRoutines::call_stub
V  [libjvm.dylib+0x2cd04b]
V  [libjvm.dylib+0x2cbebe]
V  [libjvm.dylib+0x2cc09f]
V  [libjvm.dylib+0x347b99]
V  [libjvm.dylib+0x54dc9c]
V  [libjvm.dylib+0x54db61]
V  [libjvm.dylib+0x4846e7]
C  [libsystem_pthread.dylib+0x6950]  _pthread_start+0xe0
C  [libsystem_pthread.dylib+0x247b]  thread_start+0xf
C  0x0000000000000000

Java frames: (J=compiled Java code, j=interpreted, Vv=VM code)
J 2751  sun.misc.Unsafe.getByte(Ljava/lang/Object;J)B (0 bytes) @ 0x000000010870ab8c [0x000000010870ab40+0x4c]
j  org.apache.cassandra.utils.FastByteOperations$UnsafeOperations.compareTo(Ljava/lang/Object;JILjava/lang/Object;JI)I+117
j  org.apache.cassandra.utils.FastByteOperations$UnsafeOperations.compareTo(Ljava/lang/Object;JILjava/nio/ByteBuffer;)I+84
j  org.apache.cassandra.utils.FastByteOperations$UnsafeOperations.compareTo(Ljava/nio/ByteBuffer;Ljava/nio/ByteBuffer;)I+57
j  org.apache.cassandra.utils.FastByteOperations$UnsafeOperations.compare(Ljava/nio/ByteBuffer;Ljava/nio/ByteBuffer;)I+2
j  org.apache.cassandra.utils.FastByteOperations.compareUnsigned(Ljava/nio/ByteBuffer;Ljava/nio/ByteBuffer;)I+5
j  org.apache.cassandra.utils.ByteBufferUtil.compareUnsigned(Ljava/nio/ByteBuffer;Ljava/nio/ByteBuffer;)I+2
j  org.apache.cassandra.db.DecoratedKey.compareTo(Lorg/apache/cassandra/dht/IPartitioner;Ljava/nio/ByteBuffer;Lorg/apache/cassandra/db/PartitionPosition;)I+53
j  org.apache.cassandra.io.sstable.IndexSummary.binarySearch(Lorg/apache/cassandra/db/PartitionPosition;)I+54
j  org.apache.cassandra.io.sstable.format.SSTableReader.getIndexScanPosition(Lorg/apache/cassandra/db/PartitionPosition;)J+33
j  org.apache.cassandra.io.sstable.format.big.BigTableScanner.seekToCurrentRangeStart()V+14
j  org.apache.cassandra.io.sstable.format.big.BigTableScanner.access$400(Lorg/apache/cassandra/io/sstable/format/big/BigTableScanner;)V+1
j  org.apache.cassandra.io.sstable.format.big.BigTableScanner$KeyScanningIterator.computeNext()Lorg/apache/cassandra/db/rows/UnfilteredRowIterator;+105
j  org.apache.cassandra.io.sstable.format.big.BigTableScanner$KeyScanningIterator.computeNext()Ljava/lang/Object;+1
j  org.apache.cassandra.utils.AbstractIterator.hasNext()Z+45
j  org.apache.cassandra.io.sstable.format.big.BigTableScanner.hasNext()Z+19
j  org.apache.cassandra.utils.MergeIterator$Candidate.advance()Lorg/apache/cassandra/utils/MergeIterator$Candidate;+21
j  org.apache.cassandra.utils.MergeIterator$ManyToOne.advance()V+27
j  org.apache.cassandra.utils.MergeIterator$ManyToOne.computeNext()Ljava/lang/Object;+1
j  org.apache.cassandra.utils.AbstractIterator.hasNext()Z+45
j  org.apache.cassandra.db.partitions.UnfilteredPartitionIterators$2.hasNext()Z+4
j  org.apache.cassandra.db.transform.BasePartitions.hasNext()Z+49
j  org.apache.cassandra.db.compaction.CompactionIterator.hasNext()Z+4
j  org.apache.cassandra.db.compaction.CompactionTask.runMayThrow()V+456
j  org.apache.cassandra.utils.WrappedRunnable.run()V+1
j  org.apache.cassandra.db.compaction.CompactionTask.executeInternal(Lorg/apache/cassandra/db/compaction/CompactionManager$CompactionExecutorStatsCollector;)I+6
j  org.apache.cassandra.db.compaction.AbstractCompactionTask.execute(Lorg/apache/cassandra/db/compaction/CompactionManager$CompactionExecutorStatsCollector;)I+2
j  org.apache.cassandra.db.compaction.CompactionManager$BackgroundCompactionCandidate.run()V+128
j  java.util.concurrent.Executors$RunnableAdapter.call()Ljava/lang/Object;+4
j  java.util.concurrent.FutureTask.run()V+42
j  java.util.concurrent.ThreadPoolExecutor.runWorker(Ljava/util/concurrent/ThreadPoolExecutor$Worker;)V+95
j  java.util.concurrent.ThreadPoolExecutor$Worker.run()V+5
j  org.apache.cassandra.concurrent.NamedThreadFactory.lambda$threadLocalDeallocator$0(Ljava/lang/Runnable;)V+1
j  org.apache.cassandra.concurrent.NamedThreadFactory$$Lambda$5.run()V+4
j  java.lang.Thread.run()V+11
v  ~StubRoutines::call_stub

---------------  P R O C E S S  ---------------

Java Threads: ( => current thread )
  0x00007fe070945600 JavaThread "LocalPool-Cleaner" daemon [_thread_blocked, id=27651, stack(0x0000700002223000,0x0000700002263000)]
  0x00007fe06cffc600 JavaThread "NonPeriodicTasks:1" daemon [_thread_blocked, id=37635, stack(0x00007000021e0000,0x0000700002220000)]
  0x00007fe073138a00 JavaThread "CacheCleanupExecutor:1" daemon [_thread_blocked, id=27139, stack(0x000070000219d000,0x00007000021dd000)]
  0x00007fe073139e00 JavaThread "ValidationExecutor:1" daemon [_thread_blocked, id=38147, stack(0x000070000215a000,0x000070000219a000)]
=>0x00007fe07095ca00 JavaThread "CompactionExecutor:2" daemon [_thread_in_vm, id=26627, stack(0x0000700002117000,0x0000700002157000)]
  0x00007fe06de49c00 JavaThread "CompactionExecutor:1" daemon [_thread_blocked, id=12299, stack(0x0000700001709000,0x0000700001749000)]
  0x00007fe06ddf9600 JavaThread "Reference-Reaper" daemon [_thread_blocked, id=38915, stack(0x00007000020d4000,0x0000700002114000)]
  0x00007fe06ddf3200 JavaThread "ScheduledFastTasks:1" daemon [_thread_blocked, id=39171, stack(0x0000700002091000,0x00007000020d1000)]
  0x00007fe06cec9800 JavaThread "OptionalTasks:1" daemon [_thread_blocked, id=39683, stack(0x000070000204e000,0x000070000208e000)]
  0x00007fe06e3c5e00 JavaThread "PERIODIC-COMMIT-LOG-SYNCER" [_thread_blocked, id=40195, stack(0x000070000200b000,0x000070000204b000)]
  0x00007fe06dbbc200 JavaThread "COMMIT-LOG-ALLOCATOR" [_thread_blocked, id=25607, stack(0x0000700001f85000,0x0000700001fc5000)]
  0x00007fe06d496c00 JavaThread "SlabPoolCleaner" daemon [_thread_blocked, id=40707, stack(0x0000700001fc8000,0x0000700002008000)]
  0x00007fe06d3cf000 JavaThread "SecondaryIndexManagement:1" daemon [_thread_blocked, id=25091, stack(0x0000700001f42000,0x0000700001f82000)]
  0x00007fe06d46e800 JavaThread "MemtableReclaimMemory:1" daemon [_thread_blocked, id=40963, stack(0x0000700001eff000,0x0000700001f3f000)]
  0x00007fe06cb33000 JavaThread "MemtablePostFlush:1" daemon [_thread_blocked, id=24323, stack(0x0000700001ebc000,0x0000700001efc000)]
  0x00007fe06e26f000 JavaThread "PerDiskMemtableFlushWriter_0:2" daemon [_thread_blocked, id=41475, stack(0x0000700001e79000,0x0000700001eb9000)]
  0x00007fe06d46f000 JavaThread "PerDiskMemtableFlushWriter_0:1" daemon [_thread_blocked, id=41987, stack(0x0000700001e36000,0x0000700001e76000)]
  0x00007fe06d468200 JavaThread "MemtableFlushWriter:2" daemon [_thread_blocked, id=42499, stack(0x0000700001df3000,0x0000700001e33000)]
  0x00007fe06d3c3400 JavaThread "MemtableFlushWriter:1" daemon [_thread_blocked, id=42755, stack(0x0000700001db0000,0x0000700001df0000)]
  0x00007fe06cb25800 JavaThread "EXPIRING-MAP-REAPER:1" daemon [_thread_blocked, id=43011, stack(0x0000700001d6d000,0x0000700001dad000)]
  0x00007fe06daf0c00 JavaThread "RMI TCP Accept-0" daemon [_thread_in_native, id=23299, stack(0x0000700001d2a000,0x0000700001d6a000)]
  0x00007fe06daee400 JavaThread "RMI TCP Accept-7199" daemon [_thread_in_native, id=43267, stack(0x0000700001ce7000,0x0000700001d27000)]
  0x00007fe06d329200 JavaThread "ScheduledTasks:1" daemon [_thread_blocked, id=22531, stack(0x0000700001ca4000,0x0000700001ce4000)]
  0x00007fe06da27400 JavaThread "AsyncAppender-Worker-ASYNCDEBUGLOG" daemon [_thread_blocked, id=22019, stack(0x0000700001c61000,0x0000700001ca1000)]
  0x00007fe06d8dcc00 JavaThread "Service Thread" daemon [_thread_blocked, id=15619, stack(0x0000700001b1b000,0x0000700001b5b000)]
  0x00007fe06d8ca600 JavaThread "C1 CompilerThread2" daemon [_thread_in_vm, id=16387, stack(0x0000700001a18000,0x0000700001b18000)]
  0x00007fe06d8ca000 JavaThread "C2 CompilerThread1" daemon [_thread_blocked, id=16643, stack(0x0000700001915000,0x0000700001a15000)]
  0x00007fe06d8c9a00 JavaThread "C2 CompilerThread0" daemon [_thread_in_native, id=17155, stack(0x0000700001812000,0x0000700001912000)]
  0x00007fe06d81e800 JavaThread "Signal Dispatcher" daemon [_thread_blocked, id=17411, stack(0x00007000017cf000,0x000070000180f000)]
  0x00007fe06d809800 JavaThread "Surrogate Locker Thread (Concurrent GC)" daemon [_thread_blocked, id=14339, stack(0x000070000178c000,0x00007000017cc000)]
  0x00007fe06d813600 JavaThread "Finalizer" daemon [_thread_blocked, id=11011, stack(0x0000700001643000,0x0000700001683000)]
  0x00007fe06d813000 JavaThread "Reference Handler" daemon [_thread_blocked, id=20227, stack(0x0000700001600000,0x0000700001640000)]
  0x00007fe06d011a00 JavaThread "main" [_thread_in_vm, id=7171, stack(0x0000700000fab000,0x0000700000feb000)]

Other Threads:
  0x00007fe06c61d530 VMThread [stack: 0x00007000014fd000,0x00007000015fd000] [id=20739]
  0x00007fe06c51c090 WatcherThread [stack: 0x0000700001b5e000,0x0000700001c5e000] [id=15875]

VM state:not at safepoint (normal execution)

VM Mutex/Monitor currently owned by a thread:  ([mutex/lock_event])
[0x00007fe06c60ac40] CodeCache_lock - owner thread: 0x0000000000000000
[0x00007fe06c60c140] MultiArray_lock - owner thread: 0x0000000000000000

heap address: 0x0000000740000000, size: 2048 MB, Compressed Oops mode: Zero based, Oop shift amount: 3
Narrow klass base: 0x0000000000000000, Narrow klass shift: 3
Compressed class space size: 1073741824 Address: 0x00000007c0000000

Heap:
 par new generation   total 368640K, used 259561K [0x0000000740000000, 0x0000000759000000, 0x0000000759000000)
  eden space 327680K,  70% used [0x0000000740000000, 0x000000074e00d6e0, 0x0000000754000000)
  from space 40960K,  73% used [0x0000000756800000, 0x000000075856cfb0, 0x0000000759000000)
  to   space 40960K,   0% used [0x0000000754000000, 0x0000000754000000, 0x0000000756800000)
 concurrent mark-sweep generation total 1687552K, used 0K [0x0000000759000000, 0x00000007c0000000, 0x00000007c0000000)
 Metaspace       used 33600K, capacity 34335K, committed 34392K, reserved 1079296K
  class space    used 4758K, capacity 4967K, committed 4984K, reserved 1048576K

Card table byte_map: [0x0000000105d60000,0x0000000106161000] byte_map_base: 0x0000000102360000

Marking Bits: (CMSBitMap*) 0x00007fe06d015d48
 Bits: [0x0000000116e5d000, 0x000000011881d000)

Mod Union Table: (CMSBitMap*) 0x00007fe06d015e08
 Bits: [0x0000000102d6d000, 0x0000000102dd4000)

Polling page: 0x0000000102d30000

CodeCache: size=245760Kb used=9267Kb max_used=9267Kb free=236492Kb
 bounds [0x0000000107e5d000, 0x000000010877d000, 0x0000000116e5d000]
 total_blobs=3391 nmethods=2869 adapters=434
 compilation: enabled

Compilation events (10 events):
Event: 7.468 Thread 0x00007fe06d8ca600 2861   !   3       ch.qos.logback.core.OutputStreamAppender::subAppend (81 bytes)
Event: 7.469 Thread 0x00007fe06d8ca600 nmethod 2861 0x000000010875de50 code [0x000000010875e0a0, 0x000000010875ef78]
Event: 7.470 Thread 0x00007fe06d8ca600 2862       3       ch.qos.logback.core.OutputStreamAppender::writeOut (11 bytes)
Event: 7.470 Thread 0x00007fe06d8ca600 nmethod 2862 0x000000010875f610 code [0x000000010875f780, 0x000000010875f9a8]
Event: 7.470 Thread 0x00007fe06d8ca600 2863       3       ch.qos.logback.core.encoder.LayoutWrappingEncoder::doEncode (38 bytes)
Event: 7.471 Thread 0x00007fe06d8ca600 nmethod 2863 0x000000010875fa90 code [0x000000010875fca0, 0x0000000108760608]
Event: 7.471 Thread 0x00007fe06d8ca600 2860       1       org.apache.cassandra.db.rows.BTreeRow::primaryKeyLivenessInfo (5 bytes)
Event: 7.471 Thread 0x00007fe06d8ca600 nmethod 2860 0x0000000108760c10 code [0x0000000108760d60, 0x0000000108760e70]
Event: 7.471 Thread 0x00007fe06d8ca600 2864       3       java.nio.Buffer::checkBounds (25 bytes)
Event: 7.472 Thread 0x00007fe06d8ca600 nmethod 2864 0x0000000108760ed0 code [0x0000000108761040, 0x0000000108761268]

GC Heap History (2 events):
Event: 5.225 GC heap before
{Heap before GC invocations=0 (full 0):
 par new generation   total 368640K, used 327680K [0x0000000740000000, 0x0000000759000000, 0x0000000759000000)
  eden space 327680K, 100% used [0x0000000740000000, 0x0000000754000000, 0x0000000754000000)
  from space 40960K,   0% used [0x0000000754000000, 0x0000000754000000, 0x0000000756800000)
  to   space 40960K,   0% used [0x0000000756800000, 0x0000000756800000, 0x0000000759000000)
 concurrent mark-sweep generation total 1687552K, used 0K [0x0000000759000000, 0x00000007c0000000, 0x00000007c0000000)
 Metaspace       used 25746K, capacity 26207K, committed 26276K, reserved 1073152K
  class space    used 3058K, capacity 3194K, committed 3196K, reserved 1048576K
Event: 5.291 GC heap after
Heap after GC invocations=1 (full 0):
 par new generation   total 368640K, used 30131K [0x0000000740000000, 0x0000000759000000, 0x0000000759000000)
  eden space 327680K,   0% used [0x0000000740000000, 0x0000000740000000, 0x0000000754000000)
  from space 40960K,  73% used [0x0000000756800000, 0x000000075856cfb0, 0x0000000759000000)
  to   space 40960K,   0% used [0x0000000754000000, 0x0000000754000000, 0x0000000756800000)
 concurrent mark-sweep generation total 1687552K, used 0K [0x0000000759000000, 0x00000007c0000000, 0x00000007c0000000)
 Metaspace       used 25746K, capacity 26207K, committed 26276K, reserved 1073152K
  class space    used 3058K, capacity 3194K, committed 3196K, reserved 1048576K
}

Deoptimization events (10 events):
Event: 7.102 Thread 0x00007fe06d3c3400 Uncommon trap: reason=unstable_if action=reinterpret pc=0x00000001083b1428 method=java.lang.ThreadLocal$ThreadLocalMap.getEntry(Ljava/lang/ThreadLocal;)Ljava/lang/ThreadLocal$ThreadLocalMap$Entry; @ 29
Event: 7.104 Thread 0x00007fe06d3c3400 Uncommon trap: reason=unstable_if action=reinterpret pc=0x00000001083af738 method=java.lang.ThreadLocal$ThreadLocalMap.getEntry(Ljava/lang/ThreadLocal;)Ljava/lang/ThreadLocal$ThreadLocalMap$Entry; @ 29
Event: 7.123 Thread 0x00007fe06d3c3400 Uncommon trap: reason=class_check action=maybe_recompile pc=0x00000001084c67f4 method=java.util.Collections$SetFromMap.add(Ljava/lang/Object;)Z @ 8
Event: 7.134 Thread 0x00007fe06d3c3400 Uncommon trap: reason=class_check action=maybe_recompile pc=0x00000001084c67f4 method=java.util.Collections$SetFromMap.add(Ljava/lang/Object;)Z @ 8
Event: 7.134 Thread 0x00007fe06d3c3400 Uncommon trap: reason=class_check action=maybe_recompile pc=0x00000001084c67f4 method=java.util.Collections$SetFromMap.add(Ljava/lang/Object;)Z @ 8
Event: 7.283 Thread 0x00007fe06d3c3400 Uncommon trap: reason=unstable_if action=reinterpret pc=0x00000001086567e0 method=com.sun.jmx.mbeanserver.Introspector.findMBeanInterface(Ljava/lang/Class;Ljava/lang/String;)Ljava/lang/Class; @ 22
Event: 7.283 Thread 0x00007fe06d3c3400 Uncommon trap: reason=unstable_if action=reinterpret pc=0x00000001086586fc method=com.sun.jmx.mbeanserver.Introspector.findMBeanInterface(Ljava/lang/Class;Ljava/lang/String;)Ljava/lang/Class; @ 22
Event: 7.334 Thread 0x00007fe06d468200 Uncommon trap: reason=unstable_if action=reinterpret pc=0x0000000108495ec4 method=java.lang.Long.compare(JJ)I @ 13
Event: 7.456 Thread 0x00007fe07095ca00 Uncommon trap: reason=unstable_if action=reinterpret pc=0x00000001087038fc method=java.util.concurrent.locks.AbstractQueuedSynchronizer.hasQueuedPredecessors()Z @ 12
Event: 7.456 Thread 0x00007fe06d011a00 Uncommon trap: reason=unstable_if action=reinterpret pc=0x00000001087038fc method=java.util.concurrent.locks.AbstractQueuedSynchronizer.hasQueuedPredecessors()Z @ 12

Classes redefined (0 events):
No events

Internal exceptions (10 events):
Event: 2.860 Thread 0x00007fe06d011a00 Exception <a 'sun/nio/fs/UnixException'> (0x0000000743d43f00) thrown at [/private/tmp/openjdk@8-20201116-7799-xmgkkf/jdk8u275-ga/hotspot/src/share/vm/prims/jni.cpp, line 711]
Event: 2.860 Thread 0x00007fe06d011a00 Exception <a 'sun/nio/fs/UnixException'> (0x0000000743d45108) thrown at [/private/tmp/openjdk@8-20201116-7799-xmgkkf/jdk8u275-ga/hotspot/src/share/vm/prims/jni.cpp, line 711]
Event: 3.388 Thread 0x00007fe06d011a00 Exception <a 'java/lang/ClassNotFoundException': javax/management/remote/rmi/RMIServerImpl_Skel> (0x000000074554d248) thrown at [/private/tmp/openjdk@8-20201116-7799-xmgkkf/jdk8u275-ga/hotspot/src/share/vm/classfile/systemDictionary.cpp, line 217]
Event: 3.640 Thread 0x00007fe06d011a00 Exception <a 'com/sun/jna/LastErrorException': [78] Function not implemented> (0x000000074584b028) thrown at [/private/tmp/openjdk@8-20201116-7799-xmgkkf/jdk8u275-ga/hotspot/src/share/vm/prims/jni.cpp, line 738]
Event: 3.674 Thread 0x00007fe06d011a00 Exception <a 'java/lang/UnsatisfiedLinkError': org.hyperic.sigar.Sigar.open()V> (0x000000074593cc80) thrown at [/private/tmp/openjdk@8-20201116-7799-xmgkkf/jdk8u275-ga/hotspot/src/share/vm/prims/nativeLookup.cpp, line 506]
Event: 3.677 Thread 0x00007fe06d011a00 Exception <a 'java/lang/UnsatisfiedLinkError': org.hyperic.sigar.Sigar.getFileSystemListNative()[Lorg/hyperic/sigar/FileSystem;> (0x0000000745944b68) thrown at [/private/tmp/openjdk@8-20201116-7799-xmgkkf/jdk8u275-ga/hotspot/src/share/vm/prims/nativeLooku
Event: 4.193 Thread 0x00007fe06d011a00 Exception <a 'java/lang/NoSuchMethodError': java.lang.Object.lambda$static$0(Ljava/lang/Object;Ljava/lang/Object;)Ljava/lang/Object;> (0x0000000748329870) thrown at [/private/tmp/openjdk@8-20201116-7799-xmgkkf/jdk8u275-ga/hotspot/src/share/vm/interpreter/
Event: 4.470 Thread 0x00007fe06d011a00 Exception <a 'java/lang/NoSuchMethodError': java.lang.Object.lambda$isEqual$3(Ljava/lang/Object;Ljava/lang/Object;)Z> (0x0000000748c7f708) thrown at [/private/tmp/openjdk@8-20201116-7799-xmgkkf/jdk8u275-ga/hotspot/src/share/vm/interpreter/linkResolver.cpp
Event: 5.648 Thread 0x00007fe06d011a00 Implicit null exception at 0x00000001084c1114 to 0x00000001084c1151
Event: 6.151 Thread 0x00007fe06d011a00 Exception <a 'java/lang/NoSuchMethodError': java.lang.Object.lambda$static$0(JI)Z> (0x000000074835e7d0) thrown at [/private/tmp/openjdk@8-20201116-7799-xmgkkf/jdk8u275-ga/hotspot/src/share/vm/interpreter/linkResolver.cpp, line 620]

Events (10 events):
Event: 7.458 loading class org/apache/cassandra/utils/memory/BufferPool$LocalPoolRef
Event: 7.458 loading class org/apache/cassandra/utils/memory/BufferPool$LocalPoolRef done
Event: 7.462 loading class com/clearspring/analytics/stream/cardinality/HyperLogLogPlus$Builder
Event: 7.462 loading class com/clearspring/analytics/stream/cardinality/HyperLogLogPlus$Builder done
Event: 7.463 loading class com/clearspring/analytics/util/IBuilder
Event: 7.463 loading class com/clearspring/analytics/util/IBuilder done
Event: 7.468 loading class org/apache/cassandra/io/sstable/SSTableRewriter
Event: 7.468 loading class org/apache/cassandra/io/sstable/SSTableRewriter done
Event: 7.471 loading class org/apache/cassandra/io/sstable/format/big/BigTableScanner$KeyScanningIterator
Event: 7.471 loading class org/apache/cassandra/io/sstable/format/big/BigTableScanner$KeyScanningIterator done


Dynamic libraries:
0x00007fff34fa7000 	/System/Library/Frameworks/Cocoa.framework/Versions/A/Cocoa
0x00007fff221e4000 	/System/Library/Frameworks/Security.framework/Versions/A/Security
0x00007fff331a6000 	/System/Library/Frameworks/ApplicationServices.framework/Versions/A/ApplicationServices
0x00007fff2a469000 	/usr/lib/libz.1.dylib
0x00007fff2a531000 	/usr/lib/libSystem.B.dylib
0x00007fff203ac000 	/System/Library/Frameworks/CoreFoundation.framework/Versions/A/CoreFoundation
0x00007fff21159000 	/System/Library/Frameworks/Foundation.framework/Versions/C/Foundation
0x00007fff201cc000 	/usr/lib/libobjc.A.dylib
0x00007fff22c0a000 	/System/Library/Frameworks/AppKit.framework/Versions/C/AppKit
0x00007fff25aa0000 	/System/Library/Frameworks/CoreData.framework/Versions/A/CoreData
0x00007fff2396d000 	/System/Library/PrivateFrameworks/UIFoundation.framework/Versions/A/UIFoundation
0x00007fff2fb8a000 	/System/Library/PrivateFrameworks/RemoteViewServices.framework/Versions/A/RemoteViewServices
0x00007fff28993000 	/System/Library/PrivateFrameworks/XCTTargetBootstrap.framework/Versions/A/XCTTargetBootstrap
0x00007fff2b670000 	/usr/lib/libspindump.dylib
0x00007fff23bc1000 	/System/Library/Frameworks/UniformTypeIdentifiers.framework/Versions/A/UniformTypeIdentifiers
0x00007fff2716a000 	/usr/lib/libapp_launch_measurement.dylib
0x00007fff2716d000 	/System/Library/PrivateFrameworks/CoreAutoLayout.framework/Versions/A/CoreAutoLayout
0x00007fff282f5000 	/System/Library/Frameworks/Metal.framework/Versions/A/Metal
0x00007fff28fe4000 	/usr/lib/liblangid.dylib
0x00007fff28997000 	/System/Library/PrivateFrameworks/CoreSVG.framework/Versions/A/CoreSVG
0x00007fff24ba8000 	/System/Library/PrivateFrameworks/SkyLight.framework/Versions/A/SkyLight
0x00007fff24f0e000 	/System/Library/Frameworks/CoreGraphics.framework/Versions/A/CoreGraphics
0x00007fff301e1000 	/System/Library/Frameworks/Accelerate.framework/Versions/A/Accelerate
0x00007fff2b0ab000 	/System/Library/PrivateFrameworks/IconServices.framework/Versions/A/IconServices
0x00007fff282da000 	/System/Library/Frameworks/IOSurface.framework/Versions/A/IOSurface
0x00007fff26429000 	/usr/lib/libDiagnosticMessagesClient.dylib
0x00007fff2897f000 	/System/Library/PrivateFrameworks/DFRFoundation.framework/Versions/A/DFRFoundation
0x00007fff22536000 	/usr/lib/libicucore.A.dylib
0x00007fff2cbb2000 	/System/Library/Frameworks/AudioToolbox.framework/Versions/A/AudioToolbox
0x00007fff2be58000 	/System/Library/PrivateFrameworks/DataDetectorsCore.framework/Versions/A/DataDetectorsCore
0x00007fff2867f000 	/System/Library/Frameworks/Carbon.framework/Versions/A/Frameworks/HIToolbox.framework/Versions/A/HIToolbox
0x00007fff26bc2000 	/System/Library/Frameworks/QuartzCore.framework/Versions/A/QuartzCore
0x00007fff2fbc6000 	/System/Library/Frameworks/Carbon.framework/Versions/A/Frameworks/SpeechRecognition.framework/Versions/A/SpeechRecognition
0x00007fff26ed2000 	/System/Library/PrivateFrameworks/CoreUI.framework/Versions/A/CoreUI
0x00007fff21b40000 	/System/Library/Frameworks/CoreAudio.framework/Versions/A/CoreAudio
0x00007fff26514000 	/System/Library/Frameworks/DiskArbitration.framework/Versions/A/DiskArbitration
0x00007fff2ba6b000 	/System/Library/PrivateFrameworks/MultitouchSupport.framework/Versions/A/MultitouchSupport
0x00007fff2be4f000 	/System/Library/PrivateFrameworks/InternationalSupport.framework/Versions/A/InternationalSupport
0x00007fff24b1c000 	/usr/lib/libenergytrace.dylib
0x00007fff22b04000 	/System/Library/Frameworks/IOKit.framework/Versions/A/IOKit
0x00007fff2ff13000 	/System/Library/Frameworks/CoreServices.framework/Versions/A/CoreServices
0x00007fff27100000 	/System/Library/PrivateFrameworks/PerformanceAnalysis.framework/Versions/A/PerformanceAnalysis
0x00007fff6c810000 	/System/Library/Frameworks/OpenGL.framework/Versions/A/OpenGL
0x00007fff2bed4000 	/System/Library/PrivateFrameworks/UserActivity.framework/Versions/A/UserActivity
0x00007fff255a2000 	/System/Library/Frameworks/ColorSync.framework/Versions/A/ColorSync
0x00007fff28bfb000 	/System/Library/Frameworks/CoreImage.framework/Versions/A/CoreImage
0x00007fff21957000 	/System/Library/Frameworks/CoreText.framework/Versions/A/CoreText
0x00007fff289c1000 	/System/Library/Frameworks/ImageIO.framework/Versions/A/ImageIO
0x00007fff2a537000 	/System/Library/PrivateFrameworks/SoftLinking.framework/Versions/A/SoftLinking
0x00007fff271b6000 	/usr/lib/libxml2.2.dylib
0x00007fff20291000 	/usr/lib/libc++.1.dylib
0x00007fff2a7a9000 	/usr/lib/libcompression.dylib
0x00007fff24b1d000 	/usr/lib/libMobileGestalt.dylib
0x00007fff2bd82000 	/System/Library/PrivateFrameworks/TextureIO.framework/Versions/A/TextureIO
0x00007fff2adce000 	/usr/lib/libate.dylib
0x00007fff2a52b000 	/usr/lib/system/libcache.dylib
0x00007fff2a4e7000 	/usr/lib/system/libcommonCrypto.dylib
0x00007fff2a511000 	/usr/lib/system/libcompiler_rt.dylib
0x00007fff2a506000 	/usr/lib/system/libcopyfile.dylib
0x00007fff200bb000 	/usr/lib/system/libcorecrypto.dylib
0x00007fff20187000 	/usr/lib/system/libdispatch.dylib
0x00007fff2033b000 	/usr/lib/system/libdyld.dylib
0x00007fff2a522000 	/usr/lib/system/libkeymgr.dylib
0x00007fff2d964000 	/usr/lib/system/liblaunch.dylib
0x00007fff2a4c5000 	/usr/lib/system/libmacho.dylib
0x00007fff29ce0000 	/usr/lib/system/libquarantine.dylib
0x00007fff2a51f000 	/usr/lib/system/libremovefile.dylib
0x00007fff24b79000 	/usr/lib/system/libsystem_asl.dylib
0x00007fff2006b000 	/usr/lib/system/libsystem_blocks.dylib
0x00007fff20208000 	/usr/lib/system/libsystem_c.dylib
0x00007fff2a519000 	/usr/lib/system/libsystem_collections.dylib
0x00007fff28fd5000 	/usr/lib/system/libsystem_configuration.dylib
0x00007fff282c9000 	/usr/lib/system/libsystem_containermanager.dylib
0x00007fff2a261000 	/usr/lib/system/libsystem_coreservices.dylib
0x00007fff22798000 	/usr/lib/system/libsystem_darwin.dylib
0x00007fff2a523000 	/usr/lib/system/libsystem_dnssd.dylib
0x00007fff20205000 	/usr/lib/system/libsystem_featureflags.dylib
0x00007fff20380000 	/usr/lib/system/libsystem_info.dylib
0x00007fff2a47c000 	/usr/lib/system/libsystem_m.dylib
0x00007fff2015a000 	/usr/lib/system/libsystem_malloc.dylib
0x00007fff24b0d000 	/usr/lib/system/libsystem_networkextension.dylib
0x00007fff22bb2000 	/usr/lib/system/libsystem_notify.dylib
0x00007fff2fe11000 	/usr/lib/system/libsystem_product_info_filter.dylib
0x00007fff28fd9000 	/usr/lib/system/libsystem_sandbox.dylib
0x00007fff2a51c000 	/usr/lib/system/libsystem_secinit.dylib
0x00007fff20300000 	/usr/lib/system/libsystem_kernel.dylib
0x00007fff20376000 	/usr/lib/system/libsystem_platform.dylib
0x00007fff2032f000 	/usr/lib/system/libsystem_pthread.dylib
0x00007fff26277000 	/usr/lib/system/libsystem_symptoms.dylib
0x00007fff200a3000 	/usr/lib/system/libsystem_trace.dylib
0x00007fff2a4f3000 	/usr/lib/system/libunwind.dylib
0x00007fff2006d000 	/usr/lib/system/libxpc.dylib
0x00007fff202e7000 	/usr/lib/libc++abi.dylib
0x00007fff2a4fe000 	/usr/lib/liboah.dylib
0x00007fff2abb4000 	/usr/lib/liblzma.5.dylib
0x00007fff20e6d000 	/System/Library/Frameworks/SystemConfiguration.framework/Versions/A/SystemConfiguration
0x00007fff2a533000 	/usr/lib/libfakelink.dylib
0x00007fff2466f000 	/System/Library/Frameworks/CFNetwork.framework/Versions/A/CFNetwork
0x00007fff2a673000 	/usr/lib/libarchive.2.dylib
0x00007fff20eeb000 	/usr/lib/libCRFSuite.dylib
0x00007fff29d07000 	/usr/lib/libbsm.0.dylib
0x00007fff2402b000 	/usr/lib/libnetwork.dylib
0x00007fff2a538000 	/usr/lib/libpcap.A.dylib
0x00007fff26270000 	/usr/lib/libdns_services.dylib
0x00007fff2abcd000 	/usr/lib/libcoretls_cfhelpers.dylib
0x00007fff2a777000 	/usr/lib/libapple_nghttp2.dylib
0x00007fff2a4cb000 	/usr/lib/system/libkxld.dylib
0x00007fff25ed6000 	/usr/lib/libsqlite3.dylib
0x00007fff2a243000 	/System/Library/PrivateFrameworks/AppleFSCompression.framework/Versions/A/AppleFSCompression
0x00007fff29cef000 	/usr/lib/libcoretls.dylib
0x00007fff2a7a4000 	/usr/lib/libpam.2.dylib
0x00007fff2acc9000 	/usr/lib/libxar.1.dylib
0x00007fff28fe0000 	/System/Library/PrivateFrameworks/AppleSystemInfo.framework/Versions/A/AppleSystemInfo
0x00007fff29932000 	/System/Library/PrivateFrameworks/IOMobileFramebuffer.framework/Versions/A/IOMobileFramebuffer
0x00007fff2a253000 	/usr/lib/libbz2.1.0.dylib
0x00007fff2a570000 	/usr/lib/libiconv.2.dylib
0x00007fff2a4c4000 	/usr/lib/libcharset.1.dylib
0x00007fff2713c000 	/System/Library/Frameworks/CoreServices.framework/Versions/A/Frameworks/FSEvents.framework/Versions/A/FSEvents
0x00007fff227a2000 	/System/Library/Frameworks/CoreServices.framework/Versions/A/Frameworks/CarbonCore.framework/Versions/A/CarbonCore
0x00007fff26479000 	/System/Library/Frameworks/CoreServices.framework/Versions/A/Frameworks/Metadata.framework/Versions/A/Metadata
0x00007fff2a266000 	/System/Library/Frameworks/CoreServices.framework/Versions/A/Frameworks/OSServices.framework/Versions/A/OSServices
0x00007fff2a6e5000 	/System/Library/Frameworks/CoreServices.framework/Versions/A/Frameworks/SearchKit.framework/Versions/A/SearchKit
0x00007fff261fa000 	/System/Library/Frameworks/CoreServices.framework/Versions/A/Frameworks/AE.framework/Versions/A/AE
0x00007fff20848000 	/System/Library/Frameworks/CoreServices.framework/Versions/A/Frameworks/LaunchServices.framework/Versions/A/LaunchServices
0x00007fff2ab65000 	/System/Library/Frameworks/CoreServices.framework/Versions/A/Frameworks/DictionaryServices.framework/Versions/A/DictionaryServices
0x00007fff27145000 	/System/Library/Frameworks/CoreServices.framework/Versions/A/Frameworks/SharedFileList.framework/Versions/A/SharedFileList
0x00007fff29ce3000 	/usr/lib/libCheckFix.dylib
0x00007fff24b90000 	/System/Library/PrivateFrameworks/TCC.framework/Versions/A/TCC
0x00007fff28fe6000 	/System/Library/PrivateFrameworks/CoreNLP.framework/Versions/A/CoreNLP
0x00007fff2642c000 	/System/Library/PrivateFrameworks/MetadataUtilities.framework/Versions/A/MetadataUtilities
0x00007fff20f21000 	/usr/lib/libmecabra.dylib
0x00007fff29ff6000 	/System/Library/Frameworks/MLCompute.framework/Versions/A/MLCompute
0x00007fff29d18000 	/usr/lib/libmecab.dylib
0x00007fff29d62000 	/usr/lib/libgermantok.dylib
0x00007fff2a74d000 	/usr/lib/libThaiTokenizer.dylib
0x00007fff2ad04000 	/usr/lib/libChineseTokenizer.dylib
0x00007fff2a7a2000 	/System/Library/Frameworks/MetalPerformanceShaders.framework/Versions/A/MetalPerformanceShaders
0x00007fff2651b000 	/System/Library/Frameworks/Accelerate.framework/Versions/A/Frameworks/vImage.framework/Versions/A/vImage
0x00007fff2feec000 	/System/Library/Frameworks/Accelerate.framework/Versions/A/Frameworks/vecLib.framework/Versions/A/vecLib
0x00007fff2ad0f000 	/System/Library/Frameworks/Accelerate.framework/Versions/A/Frameworks/vecLib.framework/Versions/A/libvMisc.dylib
0x00007fff2974b000 	/System/Library/Frameworks/Accelerate.framework/Versions/A/Frameworks/vecLib.framework/Versions/A/libvDSP.dylib
0x00007fff20b4c000 	/System/Library/Frameworks/Accelerate.framework/Versions/A/Frameworks/vecLib.framework/Versions/A/libBLAS.dylib
0x00007fff2a7c8000 	/System/Library/Frameworks/Accelerate.framework/Versions/A/Frameworks/vecLib.framework/Versions/A/libLAPACK.dylib
0x00007fff29d68000 	/System/Library/Frameworks/Accelerate.framework/Versions/A/Frameworks/vecLib.framework/Versions/A/libLinearAlgebra.dylib
0x00007fff2a78f000 	/System/Library/Frameworks/Accelerate.framework/Versions/A/Frameworks/vecLib.framework/Versions/A/libSparseBLAS.dylib
0x00007fff2a7c2000 	/System/Library/Frameworks/Accelerate.framework/Versions/A/Frameworks/vecLib.framework/Versions/A/libQuadrature.dylib
0x00007fff2908e000 	/System/Library/Frameworks/Accelerate.framework/Versions/A/Frameworks/vecLib.framework/Versions/A/libBNNS.dylib
0x00007fff20dfe000 	/System/Library/Frameworks/Accelerate.framework/Versions/A/Frameworks/vecLib.framework/Versions/A/libSparse.dylib
0x00007fff28f79000 	/System/Library/Frameworks/MetalPerformanceShaders.framework/Versions/A/Frameworks/MPSCore.framework/Versions/A/MPSCore
0x00007fff2a1b2000 	/System/Library/Frameworks/MetalPerformanceShaders.framework/Versions/A/Frameworks/MPSImage.framework/Versions/A/MPSImage
0x00007fff29d7e000 	/System/Library/Frameworks/MetalPerformanceShaders.framework/Versions/A/Frameworks/MPSNeuralNetwork.framework/Versions/A/MPSNeuralNetwork
0x00007fff2a13d000 	/System/Library/Frameworks/MetalPerformanceShaders.framework/Versions/A/Frameworks/MPSMatrix.framework/Versions/A/MPSMatrix
0x00007fff29fa6000 	/System/Library/Frameworks/MetalPerformanceShaders.framework/Versions/A/Frameworks/MPSRayIntersector.framework/Versions/A/MPSRayIntersector
0x00007fff2a174000 	/System/Library/Frameworks/MetalPerformanceShaders.framework/Versions/A/Frameworks/MPSNDArray.framework/Versions/A/MPSNDArray
0x00007fff20a78000 	/System/Library/PrivateFrameworks/MetalTools.framework/Versions/A/MetalTools
0x00007fff28fde000 	/System/Library/PrivateFrameworks/AggregateDictionary.framework/Versions/A/AggregateDictionary
0x00007fff26404000 	/System/Library/PrivateFrameworks/CoreAnalytics.framework/Versions/A/CoreAnalytics
0x00007fff2a74f000 	/System/Library/PrivateFrameworks/AppleSauce.framework/Versions/A/AppleSauce
0x00007fff282ec000 	/System/Library/PrivateFrameworks/IOAccelerator.framework/Versions/A/IOAccelerator
0x00007fff6c804000 	/System/Library/Frameworks/OpenGL.framework/Versions/A/Libraries/libCoreFSCache.dylib
0x00007fff214bd000 	/System/Library/PrivateFrameworks/LanguageModeling.framework/Versions/A/LanguageModeling
0x00007fff2991f000 	/System/Library/PrivateFrameworks/CoreEmoji.framework/Versions/A/CoreEmoji
0x00007fff29087000 	/System/Library/PrivateFrameworks/LinguisticData.framework/Versions/A/LinguisticData
0x00007fff20db0000 	/System/Library/PrivateFrameworks/Lexicon.framework/Versions/A/Lexicon
0x00007fff2a661000 	/usr/lib/libcmph.dylib
0x00007fff2711c000 	/System/Library/Frameworks/OpenDirectory.framework/Versions/A/Frameworks/CFOpenDirectory.framework/Versions/A/CFOpenDirectory
0x00007fff2710c000 	/System/Library/Frameworks/OpenDirectory.framework/Versions/A/OpenDirectory
0x00007fff2abcf000 	/System/Library/PrivateFrameworks/APFS.framework/Versions/A/APFS
0x00007fff29c44000 	/System/Library/Frameworks/SecurityFoundation.framework/Versions/A/SecurityFoundation
0x00007fff2acd7000 	/usr/lib/libutil.dylib
0x00007fff22ac9000 	/System/Library/PrivateFrameworks/CoreServicesStore.framework/Versions/A/CoreServicesStore
0x00007fff29cdb000 	/System/Library/Frameworks/ServiceManagement.framework/Versions/A/ServiceManagement
0x00007fff2acdb000 	/usr/lib/libxslt.1.dylib
0x00007fff29cd1000 	/System/Library/PrivateFrameworks/BackgroundTaskManagement.framework/Versions/A/BackgroundTaskManagement
0x00007fff2bccc000 	/System/Library/Frameworks/ImageIO.framework/Versions/A/Resources/libRadiance.dylib
0x00007fff2bcd6000 	/System/Library/Frameworks/ImageIO.framework/Versions/A/Resources/libJPEG.dylib
0x00007fff2bc25000 	/System/Library/Frameworks/ImageIO.framework/Versions/A/Resources/libPng.dylib
0x00007fff2bc4c000 	/System/Library/Frameworks/ImageIO.framework/Versions/A/Resources/libTIFF.dylib
0x00007fff2bd2b000 	/System/Library/Frameworks/ImageIO.framework/Versions/A/Resources/libGIF.dylib
0x00007fff2b988000 	/System/Library/Frameworks/ImageIO.framework/Versions/A/Resources/libJP2.dylib
0x00007fff2b072000 	/usr/lib/libexpat.1.dylib
0x00007fff2b93d000 	/System/Library/PrivateFrameworks/AppleJPEG.framework/Versions/A/AppleJPEG
0x00007fff28522000 	/System/Library/PrivateFrameworks/FontServices.framework/libFontParser.dylib
0x00007fff261ae000 	/System/Library/PrivateFrameworks/RunningBoardServices.framework/Versions/A/RunningBoardServices
0x00007fff2ba67000 	/System/Library/PrivateFrameworks/WatchdogClient.framework/Versions/A/WatchdogClient
0x00007fff215aa000 	/System/Library/Frameworks/CoreDisplay.framework/Versions/A/CoreDisplay
0x00007fff28438000 	/System/Library/Frameworks/CoreMedia.framework/Versions/A/CoreMedia
0x00007fff27299000 	/System/Library/Frameworks/CoreVideo.framework/Versions/A/CoreVideo
0x00007fff2ba9f000 	/System/Library/Frameworks/VideoToolbox.framework/Versions/A/VideoToolbox
0x00007fff2612c000 	/System/Library/PrivateFrameworks/BaseBoard.framework/Versions/A/BaseBoard
0x00007fff2b1b7000 	/System/Library/PrivateFrameworks/PersistentConnection.framework/Versions/A/PersistentConnection
0x00007fff25ebf000 	/System/Library/PrivateFrameworks/ProtocolBuffer.framework/Versions/A/ProtocolBuffer
0x00007fff26113000 	/System/Library/PrivateFrameworks/CommonUtilities.framework/Versions/A/CommonUtilities
0x00007fff2b8d2000 	/System/Library/PrivateFrameworks/Bom.framework/Versions/A/Bom
0x00007fff2bcc5000 	/System/Library/PrivateFrameworks/GPUWrangler.framework/Versions/A/GPUWrangler
0x00007fff2bcaa000 	/System/Library/PrivateFrameworks/IOPresentment.framework/Versions/A/IOPresentment
0x00007fff2bcd0000 	/System/Library/PrivateFrameworks/DSExternalDisplay.framework/Versions/A/DSExternalDisplay
0x00007fff2bd30000 	/System/Library/PrivateFrameworks/CMCaptureCore.framework/Versions/A/CMCaptureCore
0x00007fff2b657000 	/System/Library/PrivateFrameworks/AppServerSupport.framework/Versions/A/AppServerSupport
0x00007fff2d703000 	/System/Library/PrivateFrameworks/perfdata.framework/Versions/A/perfdata
0x00007fff29c33000 	/System/Library/PrivateFrameworks/AssertionServices.framework/Versions/A/AssertionServices
0x00007fff216e1000 	/System/Library/PrivateFrameworks/AudioToolboxCore.framework/Versions/A/AudioToolboxCore
0x00007fff2841b000 	/System/Library/PrivateFrameworks/caulk.framework/Versions/A/caulk
0x00007fff3d390000 	/System/Library/PrivateFrameworks/SystemPolicy.framework/Versions/A/SystemPolicy
0x00007fff2ae67000 	/usr/lib/libIOReport.dylib
0x00007fff2cf25000 	/usr/lib/libSMC.dylib
0x00007fff2bbf2000 	/usr/lib/libAudioToolboxUtility.dylib
0x00007fff3dcfa000 	/usr/lib/libmis.dylib
0x00007fff6c860000 	/System/Library/Frameworks/OpenGL.framework/Versions/A/Libraries/libGLU.dylib
0x00007fff6c823000 	/System/Library/Frameworks/OpenGL.framework/Versions/A/Libraries/libGFXShared.dylib
0x00007fff6ca32000 	/System/Library/Frameworks/OpenGL.framework/Versions/A/Libraries/libGL.dylib
0x00007fff6c82c000 	/System/Library/Frameworks/OpenGL.framework/Versions/A/Libraries/libGLImage.dylib
0x00007fff6c820000 	/System/Library/Frameworks/OpenGL.framework/Versions/A/Libraries/libCVMSPluginSupport.dylib
0x00007fff6c80b000 	/System/Library/Frameworks/OpenGL.framework/Versions/A/Libraries/libCoreVMClient.dylib
0x00007fff6de73000 	/System/Library/Frameworks/OpenCL.framework/Versions/A/OpenCL
0x00007fff2b1e1000 	/System/Library/PrivateFrameworks/GraphVisualizer.framework/Versions/A/GraphVisualizer
0x00007fff2b1f0000 	/System/Library/PrivateFrameworks/FaceCore.framework/Versions/A/FaceCore
0x00007fff2b60c000 	/System/Library/PrivateFrameworks/OTSVG.framework/Versions/A/OTSVG
0x00007fff26e90000 	/System/Library/Frameworks/ApplicationServices.framework/Versions/A/Frameworks/ATS.framework/Versions/A/Resources/libFontRegistry.dylib
0x00007fff2b65e000 	/System/Library/PrivateFrameworks/FontServices.framework/libhvf.dylib
0x00007fff2b01e000 	/System/Library/PrivateFrameworks/AppleVA.framework/Versions/A/AppleVA
0x00007fff2cd6e000 	/System/Library/Frameworks/ApplicationServices.framework/Versions/A/Frameworks/ATS.framework/Versions/A/ATS
0x00007fff2d080000 	/System/Library/Frameworks/ApplicationServices.framework/Versions/A/Frameworks/ColorSyncLegacy.framework/Versions/A/ColorSyncLegacy
0x00007fff25699000 	/System/Library/Frameworks/ApplicationServices.framework/Versions/A/Frameworks/HIServices.framework/Versions/A/HIServices
0x00007fff2d065000 	/System/Library/Frameworks/ApplicationServices.framework/Versions/A/Frameworks/LangAnalysis.framework/Versions/A/LangAnalysis
0x00007fff2bd3a000 	/System/Library/Frameworks/ApplicationServices.framework/Versions/A/Frameworks/PrintCore.framework/Versions/A/PrintCore
0x00007fff2d088000 	/System/Library/Frameworks/ApplicationServices.framework/Versions/A/Frameworks/QD.framework/Versions/A/QD
0x00007fff2cd5e000 	/System/Library/Frameworks/ApplicationServices.framework/Versions/A/Frameworks/SpeechSynthesis.framework/Versions/A/SpeechSynthesis
0x00007fff2bcfb000 	/System/Library/Frameworks/ApplicationServices.framework/Versions/A/Frameworks/ATSUI.framework/Versions/A/ATSUI
0x00007fff2d005000 	/usr/lib/libcups.2.dylib
0x00007fff2d075000 	/System/Library/PrivateFrameworks/NetAuth.framework/Versions/A/NetAuth
0x00007fff2d71f000 	/System/Library/Frameworks/Kerberos.framework/Versions/A/Kerberos
0x00007fff2d72f000 	/System/Library/Frameworks/GSS.framework/Versions/A/GSS
0x00007fff2cdda000 	/usr/lib/libresolv.9.dylib
0x00007fff2b673000 	/System/Library/PrivateFrameworks/Heimdal.framework/Versions/A/Heimdal
0x00007fff334a6000 	/System/Library/Frameworks/Kerberos.framework/Versions/A/Libraries/libHeimdalProxy.dylib
0x00007fff2627f000 	/System/Library/Frameworks/Network.framework/Versions/A/Network
0x00007fff2b08c000 	/usr/lib/libheimdal-asn1.dylib
0x00007fff2d77f000 	/System/Library/PrivateFrameworks/CommonAuth.framework/Versions/A/CommonAuth
0x00007fff272e6000 	/System/Library/PrivateFrameworks/login.framework/Versions/A/Frameworks/loginsupport.framework/Versions/A/loginsupport
0x00007fff2cce3000 	/System/Library/PrivateFrameworks/AudioSession.framework/Versions/A/AudioSession
0x00007fff2cd4b000 	/usr/lib/libAudioStatistics.dylib
0x00007fff2b119000 	/System/Library/PrivateFrameworks/MediaExperience.framework/Versions/A/MediaExperience
0x00007fff2cb80000 	/System/Library/PrivateFrameworks/AudioSession.framework/libSessionUtility.dylib
0x00007fff2d710000 	/usr/lib/libperfcheck.dylib
0x00007fff2d094000 	/System/Library/PrivateFrameworks/AudioResourceArbitration.framework/Versions/A/AudioResourceArbitration
0x00007fff2b096000 	/System/Library/PrivateFrameworks/IconFoundation.framework/Versions/A/IconFoundation
0x00007fff2fbb6000 	/System/Library/PrivateFrameworks/SpeechRecognitionCore.framework/Versions/A/SpeechRecognitionCore
0x0000000105000000 	/usr/local/Cellar/openjdk@8/1.8.0+275/libexec/openjdk.jdk/Contents/Home/jre/lib/server/libjvm.dylib
0x0000000102cec000 	/usr/local/Cellar/openjdk@8/1.8.0+275/libexec/openjdk.jdk/Contents/Home/jre/lib/libverify.dylib
0x0000000102d00000 	/usr/local/Cellar/openjdk@8/1.8.0+275/libexec/openjdk.jdk/Contents/Home/jre/lib/libjava.dylib
0x0000000102d31000 	/usr/local/Cellar/openjdk@8/1.8.0+275/libexec/openjdk.jdk/Contents/Home/jre/lib/libinstrument.dylib
0x0000000102d5d000 	/usr/local/Cellar/openjdk@8/1.8.0+275/libexec/openjdk.jdk/Contents/Home/jre/lib/libzip.dylib
0x0000000106deb000 	/usr/local/Cellar/openjdk@8/1.8.0+275/libexec/openjdk.jdk/Contents/Home/jre/lib/libnio.dylib
0x0000000106e03000 	/usr/local/Cellar/openjdk@8/1.8.0+275/libexec/openjdk.jdk/Contents/Home/jre/lib/libnet.dylib
0x0000000106eb2000 	/usr/local/Cellar/openjdk@8/1.8.0+275/libexec/openjdk.jdk/Contents/Home/jre/lib/libmanagement.dylib
0x00000001070d6000 	/usr/local/Cellar/openjdk@8/1.8.0+275/libexec/openjdk.jdk/Contents/Home/jre/lib/libsunec.dylib
0x0000000107704000 	/private/var/folders/_c/2kcfrb8s1nn_319bblltqlcw0000gn/T/liblz4-java7837094345491678849.dylib
0x0000000107910000 	/private/var/folders/_c/2kcfrb8s1nn_319bblltqlcw0000gn/T/jna--1281963943/jna1457493515126014381.tmp
0x00007fff6f6ac000 	/System/Library/Frameworks/JavaVM.framework/Versions/A/JavaVM

VM Arguments:
jvm_args: -Xloggc:/usr/local/Cellar/cassandra/3.11.9_1/libexec/logs/gc.log -ea -XX:+UseThreadPriorities -XX:ThreadPriorityPolicy=42 -XX:+HeapDumpOnOutOfMemoryError -Xss256k -XX:StringTableSize=1000003 -XX:+AlwaysPreTouch -XX:-UseBiasedLocking -XX:+UseTLAB -XX:+ResizeTLAB -XX:+UseNUMA -XX:+PerfDisableSharedMem -Djava.net.preferIPv4Stack=true -XX:+UseParNewGC -XX:+UseConcMarkSweepGC -XX:+CMSParallelRemarkEnabled -XX:SurvivorRatio=8 -XX:MaxTenuringThreshold=1 -XX:CMSInitiatingOccupancyFraction=75 -XX:+UseCMSInitiatingOccupancyOnly -XX:CMSWaitDuration=10000 -XX:+CMSParallelInitialMarkEnabled -XX:+CMSEdenChunksRecordAlways -XX:+CMSClassUnloadingEnabled -XX:+PrintGCDetails -XX:+PrintGCDateStamps -XX:+PrintHeapAtGC -XX:+PrintTenuringDistribution -XX:+PrintGCApplicationStoppedTime -XX:+PrintPromotionFailure -XX:+UseGCLogFileRotation -XX:NumberOfGCLogFiles=10 -XX:GCLogFileSize=10M -Xms2048M -Xmx2048M -Xmn400M -XX:+UseCondCardMark -XX:CompileCommandFile=/usr/local/etc/cassandra/hotspot_compiler -javaagent:/usr/local/Cellar/cassandra/3.11.9_1/libexec/jamm-0.3.0.jar -Dcassandra.jmx.local.port=7199 -Dcom.sun.management.jmxremote.authenticate=false -Dcom.sun.management.jmxremote.password.file=/etc/cassandra/jmxremote.password -Djava.library.path=/usr/local/Cellar/cassandra/3.11.9_1/libexec/sigar-bin -XX:OnOutOfMemoryError=kill -9 %p -Dlogback.configurationFile=logback.xml -Dcassandra.logdir=/usr/local/var/log/cassandra -Dcassandra.storagedir=/usr/local/var/lib/cassandra -Dcassandra-foreground=yes 
java_command: org.apache.cassandra.service.CassandraDaemon
java_class_path (initial): /usr/local/etc/cassandra:/usr/local/Cellar/cassandra/3.11.9_1/libexec/build/classes/main:/usr/local/Cellar/cassandra/3.11.9_1/libexec/build/classes/thrift:/usr/local/Cellar/cassandra/3.11.9_1/libexec/HdrHistogram-2.1.9.jar:/usr/local/Cellar/cassandra/3.11.9_1/libexec/ST4-4.0.8.jar:/usr/local/Cellar/cassandra/3.11.9_1/libexec/airline-0.6.jar:/usr/local/Cellar/cassandra/3.11.9_1/libexec/antlr-runtime-3.5.2.jar:/usr/local/Cellar/cassandra/3.11.9_1/libexec/apache-cassandra-3.11.9.jar:/usr/local/Cellar/cassandra/3.11.9_1/libexec/apache-cassandra-thrift-3.11.9.jar:/usr/local/Cellar/cassandra/3.11.9_1/libexec/asm-5.0.4.jar:/usr/local/Cellar/cassandra/3.11.9_1/libexec/caffeine-2.2.6.jar:/usr/local/Cellar/cassandra/3.11.9_1/libexec/cassandra-driver-core-3.0.1-shaded.jar:/usr/local/Cellar/cassandra/3.11.9_1/libexec/commons-cli-1.1.jar:/usr/local/Cellar/cassandra/3.11.9_1/libexec/commons-codec-1.9.jar:/usr/local/Cellar/cassandra/3.11.9_1/libexec/commons-lang3-3.1.jar:/usr/local/Cellar/cassandra/3.11.9_1/libexec/commons-math3-3.2.jar:/usr/local/Cellar/cassandra/3.11.9_1/libexec/compress-lzf-0.8.4.jar:/usr/local/Cellar/cassandra/3.11.9_1/libexec/concurrent-trees-2.4.0.jar:/usr/local/Cellar/cassandra/3.11.9_1/libexec/concurrentlinkedhashmap-lru-1.4.jar:/usr/local/Cellar/cassandra/3.11.9_1/libexec/disruptor-3.0.1.jar:/usr/local/Cellar/cassandra/3.11.9_1/libexec/ecj-4.4.2.jar:/usr/local/Cellar/cassandra/3.11.9_1/libexec/guava-18.0.jar:/usr/local/Cellar/cassandra/3.11.9_1/libexec/high-scale-lib-1.0.6.jar:/usr/local/Cellar/cassandra/3.11.9_1/libexec/hppc-0.5.4.jar:/usr/local/Cellar/cassandra/3.11.9_1/libexec/jackson-annotations-2.9.10.jar:/usr/local/Cellar/cassandra/3.11.9_1/libexec/jackson-core-2.9.10.jar:/usr/local/Cellar/cassandra/3.11.9_1/libexec/jackson-databind-2.9.10.4.jar:/usr/local/Cellar/cassandra/3.11.9_1/libexec/jamm-0.3.0.jar:/usr/local/Cellar/cassandra/3.11.9_1/libexec/javax.inject.jar:/usr/local/Cellar/cassandra/3.11.9_1/libexec/jbcrypt-0.3
Launcher Type: SUN_STANDARD

Environment Variables:
PATH=/usr/local/bin:/usr/bin:/bin:/usr/sbin:/sbin:/Users/faizan/documents/confluent:/library/java/javavirtualmachines/jdk1.8.0_271.jdk:/Users/faizan/documents/confluent/bin
SHELL=/bin/zsh

Signal Handlers:
SIGSEGV: [libjvm.dylib+0x58b373], sa_mask[0]=11111111011111110111111111111111, sa_flags=SA_ONSTACK|SA_RESTART|SA_SIGINFO
SIGBUS: [libjvm.dylib+0x58b373], sa_mask[0]=11111111011111110111111111111111, sa_flags=SA_RESTART|SA_SIGINFO
SIGFPE: [libjvm.dylib+0x486b67], sa_mask[0]=11111111011111110111111111111111, sa_flags=SA_RESTART|SA_SIGINFO
SIGPIPE: [libjvm.dylib+0x486b67], sa_mask[0]=11111111011111110111111111111111, sa_flags=SA_RESTART|SA_SIGINFO
SIGXFSZ: [libjvm.dylib+0x486b67], sa_mask[0]=11111111011111110111111111111111, sa_flags=SA_RESTART|SA_SIGINFO
SIGILL: [libjvm.dylib+0x486b67], sa_mask[0]=11111111011111110111111111111111, sa_flags=SA_RESTART|SA_SIGINFO
SIGUSR1: SIG_DFL, sa_mask[0]=00000000000000000000000000000000, sa_flags=SA_RESTART
SIGUSR2: [libjvm.dylib+0x48743d], sa_mask[0]=00000000000000000000000000000000, sa_flags=SA_RESTART|SA_SIGINFO
SIGHUP: [libjvm.dylib+0x48562d], sa_mask[0]=11111111011111110111111111111111, sa_flags=SA_RESTART|SA_SIGINFO
SIGINT: [libjvm.dylib+0x48562d], sa_mask[0]=11111111011111110111111111111111, sa_flags=SA_RESTART|SA_SIGINFO
SIGTERM: [libjvm.dylib+0x48562d], sa_mask[0]=11111111011111110111111111111111, sa_flags=SA_RESTART|SA_SIGINFO
SIGQUIT: [libjvm.dylib+0x48562d], sa_mask[0]=11111111011111110111111111111111, sa_flags=SA_RESTART|SA_SIGINFO


---------------  S Y S T E M  ---------------

OS:Bsduname:Darwin 20.2.0 Darwin Kernel Version 20.2.0: Wed Dec  2 20:39:59 PST 2020; root:xnu-7195.60.75~1/RELEASE_X86_64 x86_64
rlimit: STACK 8192k, CORE 0k, NPROC 1392, NOFILE 10240, AS infinity
load average:1.39 1.69 1.95

CPU:total 4 (initial active 4) (2 cores per cpu, 2 threads per core) family 6 model 142 stepping 9, cmov, cx8, fxsr, mmx, sse, sse2, sse3, ssse3, sse4.1, sse4.2, popcnt, avx, avx2, aes, clmul, erms, 3dnowpref, lzcnt, ht, tsc, tscinvbit, bmi1, bmi2, adx

Memory: 4k page, physical 8388608k(34440k free)

/proc/meminfo:


vm_info: OpenJDK 64-Bit Server VM (25.275-b00) for bsd-amd64 JRE (1.8.0_275-bre_2020_11_16_15_09-b00), built on Nov 16 2020 15:15:22 by "brew" with gcc Apple LLVM 12.0.0 (clang-1200.0.32.27)

time: Wed Dec 23 14:40:28 2020
timezone: CET
elapsed time: 7.501433 seconds (0d 0h 0m 7s)

